#
# There is insufficient memory for the Java Runtime Environment to continue.
# Native memory allocation (malloc) failed to allocate 1048576 bytes for AllocateHeap
# Possible reasons:
#   The system is out of physical RAM or swap space
#   In 32 bit mode, the process size limit was hit
# Possible solutions:
#   Reduce memory load on the system
#   Increase physical memory or swap space
#   Check if swap backing store is full
#   Use 64 bit Java on a 64 bit OS
#   Decrease Java heap size (-Xmx/-Xms)
#   Decrease number of Java threads
#   Decrease Java thread stack sizes (-Xss)
#   Set larger code cache with -XX:ReservedCodeCacheSize=
# This output file may be truncated or incomplete.
#
#  Out of Memory Error (memory/allocation.inline.hpp:61), pid=25608, tid=0x0000000000002890
#
# JRE version:  (8.0_181-b13) (build )
# Java VM: Java HotSpot(TM) 64-Bit Server VM (25.181-b13 mixed mode windows-amd64 compressed oops)
# Failed to write core dump. Minidumps are not enabled by default on client versions of Windows
#

---------------  T H R E A D  ---------------

Current thread (0x00000000035b2800):  JavaThread "Unknown thread" [_thread_in_vm, id=10384, stack(0x0000000002fc0000,0x00000000030c0000)]

Stack: [0x0000000002fc0000,0x00000000030c0000]
[error occurred during error reporting (printing stack bounds), id 0xc0000005]

Native frames: (J=compiled Java code, j=interpreted, Vv=VM code, C=native code)


---------------  P R O C E S S  ---------------

Java Threads: ( => current thread )

Other Threads:

=>0x00000000035b2800 (exited) JavaThread "Unknown thread" [_thread_in_vm, id=10384, stack(0x0000000002fc0000,0x00000000030c0000)]

VM state:not at safepoint (normal execution)

VM Mutex/Monitor currently owned by a thread: None

Heap:
 PSYoungGen      total 38400K, used 665K [0x00000000d5f00000, 0x00000000d8980000, 0x0000000100000000)
  eden space 33280K, 2% used [0x00000000d5f00000,0x00000000d5fa6670,0x00000000d7f80000)
  from space 5120K, 0% used [0x00000000d8480000,0x00000000d8480000,0x00000000d8980000)
  to   space 5120K, 0% used [0x00000000d7f80000,0x00000000d7f80000,0x00000000d8480000)
 ParOldGen       total 87552K, used 0K [0x0000000081c00000, 0x0000000087180000, 0x00000000d5f00000)
  object space 87552K, 0% used [0x0000000081c00000,0x0000000081c00000,0x0000000087180000)
 Metaspace       used 785K, capacity 4480K, committed 4480K, reserved 1056768K
  class space    used 76K, capacity 384K, committed 384K, reserved 1048576K

Card table byte_map: [0x0000000012a70000,0x0000000012e70000] byte_map_base: 0x0000000012662000

Marking Bits: (ParMarkBitMap*) 0x00000000768e2d00
 Begin Bits: [0x0000000013920000, 0x00000000158b0000)
 End Bits:   [0x00000000158b0000, 0x0000000017840000)

Polling page: 0x0000000001330000

CodeCache: size=245760Kb used=328Kb max_used=328Kb free=245431Kb
 bounds [0x00000000036b0000, 0x0000000003920000, 0x00000000126b0000]
 total_blobs=58 nmethods=0 adapters=38
 compilation: enabled

Compilation events (0 events):
No events

GC Heap History (0 events):
No events

Deoptimization events (0 events):
No events

Classes redefined (0 events):
No events

Internal exceptions (0 events):
No events

Events (10 events):
Event: 0.032 loading class java/lang/Short
Event: 0.032 loading class java/lang/Short done
Event: 0.032 loading class java/lang/Integer
Event: 0.032 loading class java/lang/Integer done
Event: 0.032 loading class java/lang/Long
Event: 0.032 loading class java/lang/Long done
Event: 0.033 loading class java/lang/NullPointerException
Event: 0.033 loading class java/lang/NullPointerException done
Event: 0.033 loading class java/lang/ArithmeticException
Event: 0.033 loading class java/lang/ArithmeticException done


Dynamic libraries:
0x00007ff7dbca0000 - 0x00007ff7dbcd7000 	C:\Java\jdk1.8.0_181\bin\java.exe
0x00007ffd5aa40000 - 0x00007ffd5ac30000 	C:\Windows\SYSTEM32\ntdll.dll
0x00007ffd5a0b0000 - 0x00007ffd5a162000 	C:\Windows\System32\KERNEL32.DLL
0x00007ffd57c10000 - 0x00007ffd57eb3000 	C:\Windows\System32\KERNELBASE.dll
0x00007ffd595b0000 - 0x00007ffd59653000 	C:\Windows\System32\ADVAPI32.dll
0x00007ffd592d0000 - 0x00007ffd5936e000 	C:\Windows\System32\msvcrt.dll
0x00007ffd596c0000 - 0x00007ffd59757000 	C:\Windows\System32\sechost.dll
0x00007ffd59490000 - 0x00007ffd595b0000 	C:\Windows\System32\RPCRT4.dll
0x00007ffd5a7f0000 - 0x00007ffd5a984000 	C:\Windows\System32\USER32.dll
0x00007ffd57ec0000 - 0x00007ffd57ee1000 	C:\Windows\System32\win32u.dll
0x00007ffd58af0000 - 0x00007ffd58b16000 	C:\Windows\System32\GDI32.dll
0x00007ffd58950000 - 0x00007ffd58ae4000 	C:\Windows\System32\gdi32full.dll
0x00007ffd57b70000 - 0x00007ffd57c0e000 	C:\Windows\System32\msvcp_win.dll
0x00007ffd57ef0000 - 0x00007ffd57fea000 	C:\Windows\System32\ucrtbase.dll
0x00007ffd39b90000 - 0x00007ffd39e15000 	C:\Windows\WinSxS\amd64_microsoft.windows.common-controls_6595b64144ccf1df_6.0.18362.592_none_e6c0b1911312be02\COMCTL32.dll
0x00007ffd58b20000 - 0x00007ffd58e56000 	C:\Windows\System32\combase.dll
0x00007ffd57ff0000 - 0x00007ffd58070000 	C:\Windows\System32\bcryptPrimitives.dll
0x00007ffd5a490000 - 0x00007ffd5a4be000 	C:\Windows\System32\IMM32.DLL
0x0000000076970000 - 0x0000000076a42000 	C:\Java\jdk1.8.0_181\jre\bin\msvcr100.dll
0x00000000760c0000 - 0x0000000076962000 	C:\Java\jdk1.8.0_181\jre\bin\server\jvm.dll
0x00007ffd5a480000 - 0x00007ffd5a488000 	C:\Windows\System32\PSAPI.DLL
0x00007ffd3f290000 - 0x00007ffd3f299000 	C:\Windows\SYSTEM32\WSOCK32.dll
0x00007ffd50530000 - 0x00007ffd5053a000 	C:\Windows\SYSTEM32\VERSION.dll
0x00007ffd55200000 - 0x00007ffd55224000 	C:\Windows\SYSTEM32\WINMM.dll
0x00007ffd5a040000 - 0x00007ffd5a0af000 	C:\Windows\System32\WS2_32.dll
0x00007ffd54d80000 - 0x00007ffd54dad000 	C:\Windows\SYSTEM32\WINMMBASE.dll
0x00007ffd58900000 - 0x00007ffd5894a000 	C:\Windows\System32\cfgmgr32.dll
0x0000000076fa0000 - 0x0000000076faf000 	C:\Java\jdk1.8.0_181\jre\bin\verify.dll
0x0000000076090000 - 0x00000000760b9000 	C:\Java\jdk1.8.0_181\jre\bin\java.dll
0x0000000075ff0000 - 0x0000000076025000 	C:\Java\jdk1.8.0_181\jre\bin\jdwp.dll
0x0000000076f90000 - 0x0000000076f98000 	C:\Java\jdk1.8.0_181\jre\bin\npt.dll
0x0000000075fc0000 - 0x0000000075fe3000 	C:\Java\jdk1.8.0_181\jre\bin\instrument.dll
0x0000000076070000 - 0x0000000076086000 	C:\Java\jdk1.8.0_181\jre\bin\zip.dll

VM Arguments:
jvm_args: -agentlib:jdwp=transport=dt_socket,address=127.0.0.1:55213,suspend=y,server=n -javaagent:C:\Users\hangd\.IntelliJIdea2019.2\system\captureAgent\debugger-agent.jar -Dfile.encoding=UTF-8 
java_command: 剑指offer.二叉树的最近公共祖先.Solution68_2
java_class_path (initial): C:\Java\jdk1.8.0_181\jre\lib\charsets.jar;C:\Java\jdk1.8.0_181\jre\lib\deploy.jar;C:\Java\jdk1.8.0_181\jre\lib\ext\access-bridge-64.jar;C:\Java\jdk1.8.0_181\jre\lib\ext\cldrdata.jar;C:\Java\jdk1.8.0_181\jre\lib\ext\dnsns.jar;C:\Java\jdk1.8.0_181\jre\lib\ext\jaccess.jar;C:\Java\jdk1.8.0_181\jre\lib\ext\jfxrt.jar;C:\Java\jdk1.8.0_181\jre\lib\ext\localedata.jar;C:\Java\jdk1.8.0_181\jre\lib\ext\nashorn.jar;C:\Java\jdk1.8.0_181\jre\lib\ext\sunec.jar;C:\Java\jdk1.8.0_181\jre\lib\ext\sunjce_provider.jar;C:\Java\jdk1.8.0_181\jre\lib\ext\sunmscapi.jar;C:\Java\jdk1.8.0_181\jre\lib\ext\sunpkcs11.jar;C:\Java\jdk1.8.0_181\jre\lib\ext\zipfs.jar;C:\Java\jdk1.8.0_181\jre\lib\javaws.jar;C:\Java\jdk1.8.0_181\jre\lib\jce.jar;C:\Java\jdk1.8.0_181\jre\lib\jfr.jar;C:\Java\jdk1.8.0_181\jre\lib\jfxswt.jar;C:\Java\jdk1.8.0_181\jre\lib\jsse.jar;C:\Java\jdk1.8.0_181\jre\lib\management-agent.jar;C:\Java\jdk1.8.0_181\jre\lib\plugin.jar;C:\Java\jdk1.8.0_181\jre\lib\resources.jar;C:\Java\jdk1.8.0_181\jre\lib\rt.jar;D:\program\OJ\target\production\OJ;D:\software\JetBrains\IntelliJ IDEA 2019.2.2\lib\idea_rt.jar;C:\Users\hangd\.IntelliJIdea2019.2\system\captureAgent\debugger-agent.jar
Launcher Type: SUN_STANDARD

Environment Variables:
JAVA_HOME=C:\Java\jdk1.8.0_181
PATH=C:\Program Files (x86)\Intel\Intel(R) Management Engine Components\iCLS\;C:\Program Files\Intel\Intel(R) Management Engine Components\iCLS\;C:\Windows\system32;C:\Windows;C:\Windows\System32\Wbem;C:\Windows\System32\WindowsPowerShell\v1.0\;C:\Program Files (x86)\Intel\Intel(R) Management Engine Components\DAL;C:\Program Files\Intel\Intel(R) Management Engine Components\DAL;C:\Program Files (x86)\Intel\Intel(R) Management Engine Components\IPT;C:\Program Files\Intel\Intel(R) Management Engine Components\IPT;C:\Program Files (x86)\NVIDIA Corporation\PhysX\Common;C:\Windows\system32;C:\Windows;C:\Windows\System32\Wbem;C:\Windows\System32\WindowsPowerShell\v1.0\;C:\Windows\System32\OpenSSH\;C:\Program Files\Intel\WiFi\bin\;C:\Program Files\Common Files\Intel\WirelessCommon\;C:\Java\jdk1.8.0_181\bin;C:\Java\gradle-5.6.2\bin;C:\Java\mysql-5.7.28-winx64\bin;C:\Users\hangd\AppData\Local\Microsoft\WindowsApps;
USERNAME=hangd
OS=Windows_NT
PROCESSOR_IDENTIFIER=Intel64 Family 6 Model 142 Stepping 10, GenuineIntel



---------------  S Y S T E M  ---------------

OS: Windows 10.0 , 64 bit Build 18362 (10.0.18362.329)

CPU:total 8 (initial active 8) (4 cores per cpu, 2 threads per core) family 6 model 142 stepping 10, cmov, cx8, fxsr, mmx, sse, sse2, sse3, ssse3, sse4.1, sse4.2, popcnt, avx, avx2, aes, clmul, erms, 3dnowpref, lzcnt, ht, tsc, tscinvbit, bmi1, bmi2, adx

Memory: 4k page, physical 8268520k(863096k free), swap 18754276k(4376k free)

vm_info: Java HotSpot(TM) 64-Bit Server VM (25.181-b13) for windows-amd64 JRE (1.8.0_181-b13), built on Jul  7 2018 04:01:33 by "java_re" with MS VC++ 10.0 (VS2010)

time: Wed Feb 12 18:53:02 2020
elapsed time: 0 seconds (0d 0h 0m 0s)

